<?xml version="1.0" encoding="UTF-8"?>
<coverage generated="1768553045045" clover="3.2.0">
  <project timestamp="1768553045046" name="All files">
    <metrics statements="170" coveredstatements="81" conditionals="67" coveredconditionals="12" methods="48" coveredmethods="22" elements="285" coveredelements="115" complexity="0" loc="170" ncloc="170" packages="7" files="21" classes="21"/>
    <package name="api">
      <metrics statements="40" coveredstatements="8" conditionals="22" coveredconditionals="1" methods="12" coveredmethods="4"/>
      <file name="auth.ts" path="C:\Users\nicol\OneDrive\Documents\M2\Méthodologies et environnements de développement\Séance 2\teaching-shop-example\frontend\src\api\auth.ts">
        <metrics statements="15" coveredstatements="6" conditionals="10" coveredconditionals="1" methods="3" coveredmethods="2"/>
        <line num="1" count="2" type="stmt"/>
        <line num="20" count="1" type="stmt"/>
        <line num="28" count="1" type="stmt"/>
        <line num="30" count="1" type="cond" truecount="1" falsecount="1"/>
        <line num="31" count="0" type="cond" truecount="0" falsecount="2"/>
        <line num="34" count="1" type="stmt"/>
        <line num="38" count="0" type="stmt"/>
        <line num="46" count="0" type="stmt"/>
        <line num="48" count="0" type="cond" truecount="0" falsecount="2"/>
        <line num="49" count="0" type="cond" truecount="0" falsecount="2"/>
        <line num="52" count="0" type="stmt"/>
        <line num="56" count="3" type="stmt"/>
        <line num="62" count="0" type="cond" truecount="0" falsecount="2"/>
        <line num="63" count="0" type="stmt"/>
        <line num="66" count="0" type="stmt"/>
      </file>
      <file name="orders.ts" path="C:\Users\nicol\OneDrive\Documents\M2\Méthodologies et environnements de développement\Séance 2\teaching-shop-example\frontend\src\api\orders.ts">
        <metrics statements="20" coveredstatements="1" conditionals="12" coveredconditionals="0" methods="4" coveredmethods="0"/>
        <line num="1" count="1" type="stmt"/>
        <line num="22" count="0" type="stmt"/>
        <line num="34" count="0" type="stmt"/>
        <line num="36" count="0" type="cond" truecount="0" falsecount="2"/>
        <line num="37" count="0" type="cond" truecount="0" falsecount="2"/>
        <line num="40" count="0" type="stmt"/>
        <line num="44" count="0" type="stmt"/>
        <line num="50" count="0" type="cond" truecount="0" falsecount="2"/>
        <line num="51" count="0" type="stmt"/>
        <line num="54" count="0" type="stmt"/>
        <line num="58" count="0" type="stmt"/>
        <line num="64" count="0" type="cond" truecount="0" falsecount="2"/>
        <line num="65" count="0" type="stmt"/>
        <line num="68" count="0" type="stmt"/>
        <line num="78" count="0" type="stmt"/>
        <line num="84" count="0" type="cond" truecount="0" falsecount="2"/>
        <line num="85" count="0" type="cond" truecount="0" falsecount="2"/>
        <line num="86" count="0" type="stmt"/>
        <line num="88" count="0" type="stmt"/>
        <line num="91" count="0" type="stmt"/>
      </file>
      <file name="products.ts" path="C:\Users\nicol\OneDrive\Documents\M2\Méthodologies et environnements de développement\Séance 2\teaching-shop-example\frontend\src\api\products.ts">
        <metrics statements="5" coveredstatements="1" conditionals="0" coveredconditionals="0" methods="5" coveredmethods="2"/>
        <line num="17" count="4" type="stmt"/>
        <line num="37" count="0" type="stmt"/>
        <line num="38" count="0" type="stmt"/>
        <line num="39" count="0" type="stmt"/>
        <line num="45" count="0" type="stmt"/>
      </file>
    </package>
    <package name="auth">
      <metrics statements="4" coveredstatements="4" conditionals="3" coveredconditionals="3" methods="3" coveredmethods="3"/>
      <file name="AuthFormLayout.tsx" path="C:\Users\nicol\OneDrive\Documents\M2\Méthodologies et environnements de développement\Séance 2\teaching-shop-example\frontend\src\auth\AuthFormLayout.tsx">
        <metrics statements="1" coveredstatements="1" conditionals="0" coveredconditionals="0" methods="1" coveredmethods="1"/>
        <line num="14" count="49" type="stmt"/>
      </file>
      <file name="FormField.tsx" path="C:\Users\nicol\OneDrive\Documents\M2\Méthodologies et environnements de développement\Séance 2\teaching-shop-example\frontend\src\auth\FormField.tsx">
        <metrics statements="2" coveredstatements="2" conditionals="1" coveredconditionals="1" methods="1" coveredmethods="1"/>
        <line num="13" count="1" type="stmt"/>
        <line num="21" count="98" type="stmt"/>
      </file>
      <file name="SubmitButton.tsx" path="C:\Users\nicol\OneDrive\Documents\M2\Méthodologies et environnements de développement\Séance 2\teaching-shop-example\frontend\src\auth\SubmitButton.tsx">
        <metrics statements="1" coveredstatements="1" conditionals="2" coveredconditionals="2" methods="1" coveredmethods="1"/>
        <line num="8" count="49" type="stmt"/>
      </file>
    </package>
    <package name="auth.login">
      <metrics statements="18" coveredstatements="17" conditionals="2" coveredconditionals="0" methods="4" coveredmethods="4"/>
      <file name="page.tsx" path="C:\Users\nicol\OneDrive\Documents\M2\Méthodologies et environnements de développement\Séance 2\teaching-shop-example\frontend\src\auth\login\page.tsx">
        <metrics statements="18" coveredstatements="17" conditionals="2" coveredconditionals="0" methods="4" coveredmethods="4"/>
        <line num="11" count="49" type="stmt"/>
        <line num="12" count="49" type="stmt"/>
        <line num="13" count="49" type="stmt"/>
        <line num="14" count="49" type="stmt"/>
        <line num="15" count="49" type="stmt"/>
        <line num="17" count="49" type="stmt"/>
        <line num="18" count="1" type="stmt"/>
        <line num="19" count="1" type="stmt"/>
        <line num="21" count="1" type="stmt"/>
        <line num="22" count="1" type="stmt"/>
        <line num="23" count="1" type="stmt"/>
        <line num="24" count="1" type="stmt"/>
        <line num="25" count="1" type="stmt"/>
        <line num="27" count="0" type="cond" truecount="0" falsecount="2"/>
        <line num="29" count="1" type="stmt"/>
        <line num="33" count="49" type="stmt"/>
        <line num="36" count="16" type="stmt"/>
        <line num="37" count="22" type="stmt"/>
      </file>
    </package>
    <package name="checkout">
      <metrics statements="29" coveredstatements="0" conditionals="10" coveredconditionals="0" methods="8" coveredmethods="0"/>
      <file name="PaymentForm.tsx" path="C:\Users\nicol\OneDrive\Documents\M2\Méthodologies et environnements de développement\Séance 2\teaching-shop-example\frontend\src\checkout\PaymentForm.tsx">
        <metrics statements="10" coveredstatements="0" conditionals="4" coveredconditionals="0" methods="4" coveredmethods="0"/>
        <line num="11" count="0" type="stmt"/>
        <line num="13" count="0" type="stmt"/>
        <line num="14" count="0" type="stmt"/>
        <line num="17" count="0" type="stmt"/>
        <line num="18" count="0" type="stmt"/>
        <line num="19" count="0" type="stmt"/>
        <line num="22" count="0" type="stmt"/>
        <line num="23" count="0" type="stmt"/>
        <line num="24" count="0" type="stmt"/>
        <line num="27" count="0" type="stmt"/>
      </file>
      <file name="ProductPreview.tsx" path="C:\Users\nicol\OneDrive\Documents\M2\Méthodologies et environnements de développement\Séance 2\teaching-shop-example\frontend\src\checkout\ProductPreview.tsx">
        <metrics statements="1" coveredstatements="0" conditionals="0" coveredconditionals="0" methods="1" coveredmethods="0"/>
        <line num="14" count="0" type="stmt"/>
      </file>
      <file name="page.tsx" path="C:\Users\nicol\OneDrive\Documents\M2\Méthodologies et environnements de développement\Séance 2\teaching-shop-example\frontend\src\checkout\page.tsx">
        <metrics statements="18" coveredstatements="0" conditionals="6" coveredconditionals="0" methods="3" coveredmethods="0"/>
        <line num="12" count="0" type="stmt"/>
        <line num="13" count="0" type="stmt"/>
        <line num="14" count="0" type="stmt"/>
        <line num="15" count="0" type="stmt"/>
        <line num="16" count="0" type="stmt"/>
        <line num="18" count="0" type="stmt"/>
        <line num="20" count="0" type="cond" truecount="0" falsecount="2"/>
        <line num="21" count="0" type="stmt"/>
        <line num="28" count="0" type="stmt"/>
        <line num="29" count="0" type="cond" truecount="0" falsecount="2"/>
        <line num="31" count="0" type="stmt"/>
        <line num="33" count="0" type="stmt"/>
        <line num="34" count="0" type="stmt"/>
        <line num="35" count="0" type="stmt"/>
        <line num="36" count="0" type="stmt"/>
        <line num="38" count="0" type="cond" truecount="0" falsecount="2"/>
        <line num="40" count="0" type="stmt"/>
        <line num="44" count="0" type="stmt"/>
      </file>
    </package>
    <package name="components">
      <metrics statements="11" coveredstatements="6" conditionals="8" coveredconditionals="3" methods="4" coveredmethods="1"/>
      <file name="EmptyState.tsx" path="C:\Users\nicol\OneDrive\Documents\M2\Méthodologies et environnements de développement\Séance 2\teaching-shop-example\frontend\src\components\EmptyState.tsx">
        <metrics statements="1" coveredstatements="0" conditionals="3" coveredconditionals="0" methods="1" coveredmethods="0"/>
        <line num="10" count="0" type="stmt"/>
      </file>
      <file name="LoadingSpinner.tsx" path="C:\Users\nicol\OneDrive\Documents\M2\Méthodologies et environnements de développement\Séance 2\teaching-shop-example\frontend\src\components\LoadingSpinner.tsx">
        <metrics statements="5" coveredstatements="4" conditionals="4" coveredconditionals="3" methods="1" coveredmethods="1"/>
        <line num="6" count="1" type="stmt"/>
        <line num="13" count="5" type="stmt"/>
        <line num="15" count="5" type="cond" truecount="1" falsecount="1"/>
        <line num="16" count="5" type="stmt"/>
        <line num="19" count="0" type="stmt"/>
      </file>
      <file name="PageContainer.tsx" path="C:\Users\nicol\OneDrive\Documents\M2\Méthodologies et environnements de développement\Séance 2\teaching-shop-example\frontend\src\components\PageContainer.tsx">
        <metrics statements="2" coveredstatements="1" conditionals="1" coveredconditionals="0" methods="1" coveredmethods="0"/>
        <line num="8" count="1" type="stmt"/>
        <line num="19" count="0" type="stmt"/>
      </file>
      <file name="StatusBadge.tsx" path="C:\Users\nicol\OneDrive\Documents\M2\Méthodologies et environnements de développement\Séance 2\teaching-shop-example\frontend\src\components\StatusBadge.tsx">
        <metrics statements="3" coveredstatements="1" conditionals="0" coveredconditionals="0" methods="1" coveredmethods="0"/>
        <line num="5" count="1" type="stmt"/>
        <line num="12" count="0" type="stmt"/>
        <line num="14" count="0" type="stmt"/>
      </file>
      <file name="index.ts" path="C:\Users\nicol\OneDrive\Documents\M2\Méthodologies et environnements de développement\Séance 2\teaching-shop-example\frontend\src\components\index.ts">
        <metrics statements="0" coveredstatements="0" conditionals="0" coveredconditionals="0" methods="0" coveredmethods="0"/>
      </file>
    </package>
    <package name="contexts">
      <metrics statements="47" coveredstatements="39" conditionals="6" coveredconditionals="3" methods="12" coveredmethods="8"/>
      <file name="AuthContext.tsx" path="C:\Users\nicol\OneDrive\Documents\M2\Méthodologies et environnements de développement\Séance 2\teaching-shop-example\frontend\src\contexts\AuthContext.tsx">
        <metrics statements="34" coveredstatements="33" conditionals="4" coveredconditionals="3" methods="6" coveredmethods="6"/>
        <line num="20" count="3" type="stmt"/>
        <line num="23" count="27" type="stmt"/>
        <line num="24" count="27" type="stmt"/>
        <line num="25" count="27" type="stmt"/>
        <line num="27" count="27" type="stmt"/>
        <line num="28" count="13" type="stmt"/>
        <line num="29" count="13" type="stmt"/>
        <line num="30" count="13" type="cond" truecount="2" falsecount="0"/>
        <line num="31" count="8" type="stmt"/>
        <line num="32" count="8" type="stmt"/>
        <line num="35" count="5" type="stmt"/>
        <line num="36" count="5" type="stmt"/>
        <line num="37" count="1" type="stmt"/>
        <line num="38" count="1" type="stmt"/>
        <line num="39" count="1" type="stmt"/>
        <line num="41" count="4" type="stmt"/>
        <line num="42" count="4" type="stmt"/>
        <line num="44" count="5" type="stmt"/>
        <line num="48" count="13" type="stmt"/>
        <line num="51" count="27" type="stmt"/>
        <line num="52" count="3" type="stmt"/>
        <line num="53" count="3" type="stmt"/>
        <line num="54" count="3" type="stmt"/>
        <line num="55" count="3" type="stmt"/>
        <line num="58" count="27" type="stmt"/>
        <line num="59" count="1" type="stmt"/>
        <line num="60" count="1" type="stmt"/>
        <line num="61" count="1" type="stmt"/>
        <line num="62" count="1" type="stmt"/>
        <line num="65" count="27" type="stmt"/>
        <line num="83" count="67" type="stmt"/>
        <line num="84" count="67" type="cond" truecount="1" falsecount="1"/>
        <line num="85" count="0" type="stmt"/>
        <line num="87" count="67" type="stmt"/>
      </file>
      <file name="ProductsContext.tsx" path="C:\Users\nicol\OneDrive\Documents\M2\Méthodologies et environnements de développement\Séance 2\teaching-shop-example\frontend\src\contexts\ProductsContext.tsx">
        <metrics statements="13" coveredstatements="6" conditionals="2" coveredconditionals="0" methods="6" coveredmethods="2"/>
        <line num="7" count="1" type="stmt"/>
        <line num="10" count="4" type="stmt"/>
        <line num="11" count="4" type="stmt"/>
        <line num="13" count="4" type="stmt"/>
        <line num="14" count="4" type="stmt"/>
        <line num="16" count="0" type="stmt"/>
        <line num="19" count="0" type="stmt"/>
        <line num="22" count="0" type="stmt"/>
        <line num="26" count="4" type="stmt"/>
        <line num="31" count="0" type="stmt"/>
        <line num="32" count="0" type="cond" truecount="0" falsecount="2"/>
        <line num="33" count="0" type="stmt"/>
        <line num="35" count="0" type="stmt"/>
      </file>
    </package>
    <package name="layouts">
      <metrics statements="21" coveredstatements="7" conditionals="16" coveredconditionals="2" methods="5" coveredmethods="2"/>
      <file name="AdminLayout.tsx" path="C:\Users\nicol\OneDrive\Documents\M2\Méthodologies et environnements de développement\Séance 2\teaching-shop-example\frontend\src\layouts\AdminLayout.tsx">
        <metrics statements="11" coveredstatements="0" conditionals="8" coveredconditionals="0" methods="2" coveredmethods="0"/>
        <line num="7" count="0" type="stmt"/>
        <line num="8" count="0" type="stmt"/>
        <line num="10" count="0" type="stmt"/>
        <line num="11" count="0" type="cond" truecount="0" falsecount="2"/>
        <line num="12" count="0" type="stmt"/>
        <line num="13" count="0" type="stmt"/>
        <line num="16" count="0" type="cond" truecount="0" falsecount="2"/>
        <line num="17" count="0" type="stmt"/>
        <line num="21" count="0" type="cond" truecount="0" falsecount="4"/>
        <line num="22" count="0" type="stmt"/>
        <line num="25" count="0" type="stmt"/>
      </file>
      <file name="Header.tsx" path="C:\Users\nicol\OneDrive\Documents\M2\Méthodologies et environnements de développement\Séance 2\teaching-shop-example\frontend\src\layouts\Header.tsx">
        <metrics statements="2" coveredstatements="0" conditionals="4" coveredconditionals="0" methods="1" coveredmethods="0"/>
        <line num="5" count="0" type="stmt"/>
        <line num="7" count="0" type="stmt"/>
      </file>
      <file name="ProtectedLayout.tsx" path="C:\Users\nicol\OneDrive\Documents\M2\Méthodologies et environnements de développement\Séance 2\teaching-shop-example\frontend\src\layouts\ProtectedLayout.tsx">
        <metrics statements="8" coveredstatements="7" conditionals="4" coveredconditionals="2" methods="2" coveredmethods="2"/>
        <line num="7" count="5" type="stmt"/>
        <line num="8" count="5" type="stmt"/>
        <line num="10" count="5" type="stmt"/>
        <line num="11" count="4" type="cond" truecount="1" falsecount="1"/>
        <line num="12" count="4" type="stmt"/>
        <line num="16" count="5" type="cond" truecount="1" falsecount="1"/>
        <line num="17" count="5" type="stmt"/>
        <line num="20" count="0" type="stmt"/>
      </file>
      <file name="index.ts" path="C:\Users\nicol\OneDrive\Documents\M2\Méthodologies et environnements de développement\Séance 2\teaching-shop-example\frontend\src\layouts\index.ts">
        <metrics statements="0" coveredstatements="0" conditionals="0" coveredconditionals="0" methods="0" coveredmethods="0"/>
      </file>
    </package>
  </project>
</coverage>
