{"C:\\Users\\nicol\\OneDrive\\Documents\\M2\\Méthodologies et environnements de développement\\Séance 2\\teaching-shop-example\\frontend\\src\\api\\auth.ts": {"path":"C:\\Users\\nicol\\OneDrive\\Documents\\M2\\Méthodologies et environnements de développement\\Séance 2\\teaching-shop-example\\frontend\\src\\api\\auth.ts","statementMap":{"0":{"start":{"line":1,"column":17},"end":{"line":1,"column":null}},"1":{"start":{"line":20,"column":21},"end":{"line":26,"column":null}},"2":{"start":{"line":28,"column":17},"end":{"line":28,"column":null}},"3":{"start":{"line":30,"column":4},"end":{"line":32,"column":null}},"4":{"start":{"line":31,"column":8},"end":{"line":31,"column":null}},"5":{"start":{"line":34,"column":4},"end":{"line":34,"column":null}},"6":{"start":{"line":38,"column":21},"end":{"line":44,"column":null}},"7":{"start":{"line":46,"column":17},"end":{"line":46,"column":null}},"8":{"start":{"line":48,"column":4},"end":{"line":50,"column":null}},"9":{"start":{"line":49,"column":8},"end":{"line":49,"column":null}},"10":{"start":{"line":52,"column":4},"end":{"line":52,"column":null}},"11":{"start":{"line":56,"column":21},"end":{"line":60,"column":null}},"12":{"start":{"line":62,"column":4},"end":{"line":64,"column":null}},"13":{"start":{"line":63,"column":8},"end":{"line":63,"column":null}},"14":{"start":{"line":66,"column":4},"end":{"line":66,"column":null}}},"fnMap":{"0":{"name":"login","decl":{"start":{"line":19,"column":22},"end":{"line":19,"column":28}},"loc":{"start":{"line":19,"column":62},"end":{"line":35,"column":null}},"line":19},"1":{"name":"register","decl":{"start":{"line":37,"column":22},"end":{"line":37,"column":31}},"loc":{"start":{"line":37,"column":80},"end":{"line":53,"column":null}},"line":37},"2":{"name":"getMe","decl":{"start":{"line":55,"column":22},"end":{"line":55,"column":28}},"loc":{"start":{"line":55,"column":41},"end":{"line":67,"column":null}},"line":55}},"branchMap":{"0":{"loc":{"start":{"line":30,"column":4},"end":{"line":32,"column":null}},"type":"if","locations":[{"start":{"line":30,"column":4},"end":{"line":32,"column":null}},{"start":{},"end":{}}],"line":30},"1":{"loc":{"start":{"line":31,"column":24},"end":{"line":31,"column":null}},"type":"binary-expr","locations":[{"start":{"line":31,"column":24},"end":{"line":31,"column":49}},{"start":{"line":31,"column":53},"end":{"line":31,"column":null}}],"line":31},"2":{"loc":{"start":{"line":48,"column":4},"end":{"line":50,"column":null}},"type":"if","locations":[{"start":{"line":48,"column":4},"end":{"line":50,"column":null}},{"start":{},"end":{}}],"line":48},"3":{"loc":{"start":{"line":49,"column":24},"end":{"line":49,"column":null}},"type":"binary-expr","locations":[{"start":{"line":49,"column":24},"end":{"line":49,"column":49}},{"start":{"line":49,"column":53},"end":{"line":49,"column":null}}],"line":49},"4":{"loc":{"start":{"line":62,"column":4},"end":{"line":64,"column":null}},"type":"if","locations":[{"start":{"line":62,"column":4},"end":{"line":64,"column":null}},{"start":{},"end":{}}],"line":62}},"s":{"0":2,"1":1,"2":1,"3":1,"4":0,"5":1,"6":0,"7":0,"8":0,"9":0,"10":0,"11":3,"12":0,"13":0,"14":0},"f":{"0":1,"1":0,"2":3},"b":{"0":[0,1],"1":[0,0],"2":[0,0],"3":[0,0],"4":[0,0]},"meta":{"lastBranch":5,"lastFunction":3,"lastStatement":15,"seen":{"s:1:17:1:Infinity":0,"f:19:22:19:28":0,"s:20:21:26:Infinity":1,"s:28:17:28:Infinity":2,"b:30:4:32:Infinity:undefined:undefined:undefined:undefined":0,"s:30:4:32:Infinity":3,"s:31:8:31:Infinity":4,"b:31:24:31:49:31:53:31:Infinity":1,"s:34:4:34:Infinity":5,"f:37:22:37:31":1,"s:38:21:44:Infinity":6,"s:46:17:46:Infinity":7,"b:48:4:50:Infinity:undefined:undefined:undefined:undefined":2,"s:48:4:50:Infinity":8,"s:49:8:49:Infinity":9,"b:49:24:49:49:49:53:49:Infinity":3,"s:52:4:52:Infinity":10,"f:55:22:55:28":2,"s:56:21:60:Infinity":11,"b:62:4:64:Infinity:undefined:undefined:undefined:undefined":4,"s:62:4:64:Infinity":12,"s:63:8:63:Infinity":13,"s:66:4:66:Infinity":14}}}
,"C:\\Users\\nicol\\OneDrive\\Documents\\M2\\Méthodologies et environnements de développement\\Séance 2\\teaching-shop-example\\frontend\\src\\api\\orders.ts": {"path":"C:\\Users\\nicol\\OneDrive\\Documents\\M2\\Méthodologies et environnements de développement\\Séance 2\\teaching-shop-example\\frontend\\src\\api\\orders.ts","statementMap":{"0":{"start":{"line":1,"column":17},"end":{"line":1,"column":null}},"1":{"start":{"line":22,"column":21},"end":{"line":32,"column":null}},"2":{"start":{"line":34,"column":17},"end":{"line":34,"column":null}},"3":{"start":{"line":36,"column":4},"end":{"line":38,"column":null}},"4":{"start":{"line":37,"column":8},"end":{"line":37,"column":null}},"5":{"start":{"line":40,"column":4},"end":{"line":40,"column":null}},"6":{"start":{"line":44,"column":21},"end":{"line":48,"column":null}},"7":{"start":{"line":50,"column":4},"end":{"line":52,"column":null}},"8":{"start":{"line":51,"column":8},"end":{"line":51,"column":null}},"9":{"start":{"line":54,"column":4},"end":{"line":54,"column":null}},"10":{"start":{"line":58,"column":21},"end":{"line":62,"column":null}},"11":{"start":{"line":64,"column":4},"end":{"line":66,"column":null}},"12":{"start":{"line":65,"column":8},"end":{"line":65,"column":null}},"13":{"start":{"line":68,"column":4},"end":{"line":68,"column":null}},"14":{"start":{"line":78,"column":21},"end":{"line":82,"column":null}},"15":{"start":{"line":84,"column":4},"end":{"line":89,"column":null}},"16":{"start":{"line":85,"column":8},"end":{"line":87,"column":null}},"17":{"start":{"line":86,"column":12},"end":{"line":86,"column":null}},"18":{"start":{"line":88,"column":8},"end":{"line":88,"column":null}},"19":{"start":{"line":91,"column":4},"end":{"line":91,"column":null}}},"fnMap":{"0":{"name":"createOrder","decl":{"start":{"line":21,"column":22},"end":{"line":21,"column":34}},"loc":{"start":{"line":21,"column":86},"end":{"line":41,"column":null}},"line":21},"1":{"name":"getOrders","decl":{"start":{"line":43,"column":22},"end":{"line":43,"column":32}},"loc":{"start":{"line":43,"column":45},"end":{"line":55,"column":null}},"line":43},"2":{"name":"getOrder","decl":{"start":{"line":57,"column":22},"end":{"line":57,"column":31}},"loc":{"start":{"line":57,"column":61},"end":{"line":69,"column":null}},"line":57},"3":{"name":"getAdminOrders","decl":{"start":{"line":77,"column":22},"end":{"line":77,"column":37}},"loc":{"start":{"line":77,"column":50},"end":{"line":92,"column":null}},"line":77}},"branchMap":{"0":{"loc":{"start":{"line":36,"column":4},"end":{"line":38,"column":null}},"type":"if","locations":[{"start":{"line":36,"column":4},"end":{"line":38,"column":null}},{"start":{},"end":{}}],"line":36},"1":{"loc":{"start":{"line":37,"column":24},"end":{"line":37,"column":null}},"type":"binary-expr","locations":[{"start":{"line":37,"column":24},"end":{"line":37,"column":50}},{"start":{"line":37,"column":54},"end":{"line":37,"column":null}}],"line":37},"2":{"loc":{"start":{"line":50,"column":4},"end":{"line":52,"column":null}},"type":"if","locations":[{"start":{"line":50,"column":4},"end":{"line":52,"column":null}},{"start":{},"end":{}}],"line":50},"3":{"loc":{"start":{"line":64,"column":4},"end":{"line":66,"column":null}},"type":"if","locations":[{"start":{"line":64,"column":4},"end":{"line":66,"column":null}},{"start":{},"end":{}}],"line":64},"4":{"loc":{"start":{"line":84,"column":4},"end":{"line":89,"column":null}},"type":"if","locations":[{"start":{"line":84,"column":4},"end":{"line":89,"column":null}},{"start":{},"end":{}}],"line":84},"5":{"loc":{"start":{"line":85,"column":8},"end":{"line":87,"column":null}},"type":"if","locations":[{"start":{"line":85,"column":8},"end":{"line":87,"column":null}},{"start":{},"end":{}}],"line":85}},"s":{"0":1,"1":0,"2":0,"3":0,"4":0,"5":0,"6":0,"7":0,"8":0,"9":0,"10":0,"11":0,"12":0,"13":0,"14":0,"15":0,"16":0,"17":0,"18":0,"19":0},"f":{"0":0,"1":0,"2":0,"3":0},"b":{"0":[0,0],"1":[0,0],"2":[0,0],"3":[0,0],"4":[0,0],"5":[0,0]},"meta":{"lastBranch":6,"lastFunction":4,"lastStatement":20,"seen":{"s:1:17:1:Infinity":0,"f:21:22:21:34":0,"s:22:21:32:Infinity":1,"s:34:17:34:Infinity":2,"b:36:4:38:Infinity:undefined:undefined:undefined:undefined":0,"s:36:4:38:Infinity":3,"s:37:8:37:Infinity":4,"b:37:24:37:50:37:54:37:Infinity":1,"s:40:4:40:Infinity":5,"f:43:22:43:32":1,"s:44:21:48:Infinity":6,"b:50:4:52:Infinity:undefined:undefined:undefined:undefined":2,"s:50:4:52:Infinity":7,"s:51:8:51:Infinity":8,"s:54:4:54:Infinity":9,"f:57:22:57:31":2,"s:58:21:62:Infinity":10,"b:64:4:66:Infinity:undefined:undefined:undefined:undefined":3,"s:64:4:66:Infinity":11,"s:65:8:65:Infinity":12,"s:68:4:68:Infinity":13,"f:77:22:77:37":3,"s:78:21:82:Infinity":14,"b:84:4:89:Infinity:undefined:undefined:undefined:undefined":4,"s:84:4:89:Infinity":15,"b:85:8:87:Infinity:undefined:undefined:undefined:undefined":5,"s:85:8:87:Infinity":16,"s:86:12:86:Infinity":17,"s:88:8:88:Infinity":18,"s:91:4:91:Infinity":19}}}
,"C:\\Users\\nicol\\OneDrive\\Documents\\M2\\Méthodologies et environnements de développement\\Séance 2\\teaching-shop-example\\frontend\\src\\api\\products.ts": {"path":"C:\\Users\\nicol\\OneDrive\\Documents\\M2\\Méthodologies et environnements de développement\\Séance 2\\teaching-shop-example\\frontend\\src\\api\\products.ts","statementMap":{"0":{"start":{"line":17,"column":4},"end":{"line":17,"column":62}},"1":{"start":{"line":17,"column":35},"end":{"line":17,"column":62}},"2":{"start":{"line":37,"column":21},"end":{"line":42,"column":null}},"3":{"start":{"line":38,"column":8},"end":{"line":42,"column":null}},"4":{"start":{"line":39,"column":12},"end":{"line":42,"column":null}},"5":{"start":{"line":39,"column":41},"end":{"line":42,"column":null}},"6":{"start":{"line":45,"column":4},"end":{"line":45,"column":null}}},"fnMap":{"0":{"name":"fetchProducts","decl":{"start":{"line":16,"column":22},"end":{"line":16,"column":null}},"loc":{"start":{"line":16,"column":22},"end":{"line":46,"column":null}},"line":16},"1":{"name":"(anonymous_1)","decl":{"start":{"line":17,"column":22},"end":{"line":17,"column":23}},"loc":{"start":{"line":17,"column":35},"end":{"line":17,"column":62}},"line":17},"2":{"name":"(anonymous_2)","decl":{"start":{"line":37,"column":77},"end":{"line":37,"column":78}},"loc":{"start":{"line":38,"column":8},"end":{"line":42,"column":null}},"line":38},"3":{"name":"(anonymous_3)","decl":{"start":{"line":38,"column":24},"end":{"line":38,"column":25}},"loc":{"start":{"line":39,"column":12},"end":{"line":42,"column":null}},"line":39},"4":{"name":"(anonymous_4)","decl":{"start":{"line":39,"column":21},"end":{"line":39,"column":22}},"loc":{"start":{"line":39,"column":41},"end":{"line":42,"column":null}},"line":39}},"branchMap":{},"s":{"0":4,"1":4,"2":0,"3":0,"4":0,"5":0,"6":0},"f":{"0":4,"1":4,"2":0,"3":0,"4":0},"b":{},"meta":{"lastBranch":0,"lastFunction":5,"lastStatement":7,"seen":{"f:16:22:16:Infinity":0,"s:17:4:17:62":0,"f:17:22:17:23":1,"s:17:35:17:62":1,"s:37:21:42:Infinity":2,"f:37:77:37:78":2,"s:38:8:42:Infinity":3,"f:38:24:38:25":3,"s:39:12:42:Infinity":4,"f:39:21:39:22":4,"s:39:41:42:Infinity":5,"s:45:4:45:Infinity":6}}}
,"C:\\Users\\nicol\\OneDrive\\Documents\\M2\\Méthodologies et environnements de développement\\Séance 2\\teaching-shop-example\\frontend\\src\\auth\\AuthFormLayout.tsx": {"path":"C:\\Users\\nicol\\OneDrive\\Documents\\M2\\Méthodologies et environnements de développement\\Séance 2\\teaching-shop-example\\frontend\\src\\auth\\AuthFormLayout.tsx","statementMap":{"0":{"start":{"line":14,"column":4},"end":{"line":27,"column":null}}},"fnMap":{"0":{"name":"AuthFormLayout","decl":{"start":{"line":13,"column":24},"end":{"line":13,"column":39}},"loc":{"start":{"line":13,"column":103},"end":{"line":32,"column":null}},"line":13}},"branchMap":{},"s":{"0":49},"f":{"0":49},"b":{},"meta":{"lastBranch":0,"lastFunction":1,"lastStatement":1,"seen":{"f:13:24:13:39":0,"s:14:4:27:Infinity":0}}}
,"C:\\Users\\nicol\\OneDrive\\Documents\\M2\\Méthodologies et environnements de développement\\Séance 2\\teaching-shop-example\\frontend\\src\\auth\\FormField.tsx": {"path":"C:\\Users\\nicol\\OneDrive\\Documents\\M2\\Méthodologies et environnements de développement\\Séance 2\\teaching-shop-example\\frontend\\src\\auth\\FormField.tsx","statementMap":{"0":{"start":{"line":13,"column":24},"end":{"line":18,"column":null}},"1":{"start":{"line":21,"column":4},"end":{"line":34,"column":null}}},"fnMap":{"0":{"name":"FormField","decl":{"start":{"line":20,"column":24},"end":{"line":20,"column":34}},"loc":{"start":{"line":20,"column":110},"end":{"line":38,"column":null}},"line":20}},"branchMap":{"0":{"loc":{"start":{"line":20,"column":86},"end":{"line":20,"column":101}},"type":"default-arg","locations":[{"start":{"line":20,"column":97},"end":{"line":20,"column":101}}],"line":20}},"s":{"0":1,"1":98},"f":{"0":98},"b":{"0":[98]},"meta":{"lastBranch":1,"lastFunction":1,"lastStatement":2,"seen":{"s:13:24:18:Infinity":0,"f:20:24:20:34":0,"b:20:97:20:101":0,"s:21:4:34:Infinity":1}}}
,"C:\\Users\\nicol\\OneDrive\\Documents\\M2\\Méthodologies et environnements de développement\\Séance 2\\teaching-shop-example\\frontend\\src\\auth\\SubmitButton.tsx": {"path":"C:\\Users\\nicol\\OneDrive\\Documents\\M2\\Méthodologies et environnements de développement\\Séance 2\\teaching-shop-example\\frontend\\src\\auth\\SubmitButton.tsx","statementMap":{"0":{"start":{"line":8,"column":4},"end":{"line":14,"column":null}}},"fnMap":{"0":{"name":"SubmitButton","decl":{"start":{"line":7,"column":24},"end":{"line":7,"column":37}},"loc":{"start":{"line":7,"column":74},"end":{"line":17,"column":null}},"line":7}},"branchMap":{"0":{"loc":{"start":{"line":14,"column":13},"end":{"line":14,"column":null}},"type":"cond-expr","locations":[{"start":{"line":14,"column":23},"end":{"line":14,"column":37}},{"start":{"line":14,"column":37},"end":{"line":14,"column":null}}],"line":14}},"s":{"0":49},"f":{"0":49},"b":{"0":[1,48]},"meta":{"lastBranch":1,"lastFunction":1,"lastStatement":1,"seen":{"f:7:24:7:37":0,"s:8:4:14:Infinity":0,"b:14:23:14:37:14:37:14:Infinity":0}}}
,"C:\\Users\\nicol\\OneDrive\\Documents\\M2\\Méthodologies et environnements de développement\\Séance 2\\teaching-shop-example\\frontend\\src\\auth\\login\\page.tsx": {"path":"C:\\Users\\nicol\\OneDrive\\Documents\\M2\\Méthodologies et environnements de développement\\Séance 2\\teaching-shop-example\\frontend\\src\\auth\\login\\page.tsx","statementMap":{"0":{"start":{"line":11,"column":33},"end":{"line":11,"column":null}},"1":{"start":{"line":12,"column":33},"end":{"line":12,"column":null}},"2":{"start":{"line":13,"column":31},"end":{"line":13,"column":null}},"3":{"start":{"line":14,"column":10},"end":{"line":14,"column":null}},"4":{"start":{"line":15,"column":30},"end":{"line":15,"column":null}},"5":{"start":{"line":17,"column":25},"end":{"line":31,"column":null}},"6":{"start":{"line":18,"column":8},"end":{"line":18,"column":null}},"7":{"start":{"line":19,"column":8},"end":{"line":19,"column":null}},"8":{"start":{"line":21,"column":8},"end":{"line":30,"column":null}},"9":{"start":{"line":22,"column":29},"end":{"line":22,"column":null}},"10":{"start":{"line":23,"column":12},"end":{"line":23,"column":null}},"11":{"start":{"line":24,"column":12},"end":{"line":24,"column":null}},"12":{"start":{"line":25,"column":12},"end":{"line":25,"column":null}},"13":{"start":{"line":27,"column":12},"end":{"line":27,"column":null}},"14":{"start":{"line":29,"column":12},"end":{"line":29,"column":null}},"15":{"start":{"line":33,"column":4},"end":{"line":40,"column":null}},"16":{"start":{"line":36,"column":110},"end":{"line":36,"column":139}},"17":{"start":{"line":37,"column":114},"end":{"line":37,"column":143}}},"fnMap":{"0":{"name":"LoginPage","decl":{"start":{"line":10,"column":24},"end":{"line":10,"column":null}},"loc":{"start":{"line":10,"column":24},"end":{"line":44,"column":null}},"line":10},"1":{"name":"(anonymous_1)","decl":{"start":{"line":17,"column":25},"end":{"line":17,"column":32}},"loc":{"start":{"line":17,"column":32},"end":{"line":31,"column":null}},"line":17},"2":{"name":"(anonymous_2)","decl":{"start":{"line":36,"column":103},"end":{"line":36,"column":104}},"loc":{"start":{"line":36,"column":110},"end":{"line":36,"column":139}},"line":36},"3":{"name":"(anonymous_3)","decl":{"start":{"line":37,"column":107},"end":{"line":37,"column":108}},"loc":{"start":{"line":37,"column":114},"end":{"line":37,"column":143}},"line":37}},"branchMap":{"0":{"loc":{"start":{"line":27,"column":24},"end":{"line":27,"column":null}},"type":"cond-expr","locations":[{"start":{"line":27,"column":49},"end":{"line":27,"column":62}},{"start":{"line":27,"column":65},"end":{"line":27,"column":null}}],"line":27}},"s":{"0":49,"1":49,"2":49,"3":49,"4":49,"5":49,"6":1,"7":1,"8":1,"9":1,"10":1,"11":1,"12":1,"13":0,"14":1,"15":49,"16":16,"17":22},"f":{"0":49,"1":1,"2":16,"3":22},"b":{"0":[0,0]},"meta":{"lastBranch":1,"lastFunction":4,"lastStatement":18,"seen":{"f:10:24:10:Infinity":0,"s:11:33:11:Infinity":0,"s:12:33:12:Infinity":1,"s:13:31:13:Infinity":2,"s:14:10:14:Infinity":3,"s:15:30:15:Infinity":4,"s:17:25:31:Infinity":5,"f:17:25:17:32":1,"s:18:8:18:Infinity":6,"s:19:8:19:Infinity":7,"s:21:8:30:Infinity":8,"s:22:29:22:Infinity":9,"s:23:12:23:Infinity":10,"s:24:12:24:Infinity":11,"s:25:12:25:Infinity":12,"s:27:12:27:Infinity":13,"b:27:49:27:62:27:65:27:Infinity":0,"s:29:12:29:Infinity":14,"s:33:4:40:Infinity":15,"f:36:103:36:104":2,"s:36:110:36:139":16,"f:37:107:37:108":3,"s:37:114:37:143":17}}}
,"C:\\Users\\nicol\\OneDrive\\Documents\\M2\\Méthodologies et environnements de développement\\Séance 2\\teaching-shop-example\\frontend\\src\\checkout\\PaymentForm.tsx": {"path":"C:\\Users\\nicol\\OneDrive\\Documents\\M2\\Méthodologies et environnements de développement\\Séance 2\\teaching-shop-example\\frontend\\src\\checkout\\PaymentForm.tsx","statementMap":{"0":{"start":{"line":11,"column":37},"end":{"line":11,"column":null}},"1":{"start":{"line":13,"column":29},"end":{"line":15,"column":null}},"2":{"start":{"line":14,"column":8},"end":{"line":14,"column":null}},"3":{"start":{"line":17,"column":29},"end":{"line":20,"column":null}},"4":{"start":{"line":18,"column":20},"end":{"line":18,"column":null}},"5":{"start":{"line":19,"column":8},"end":{"line":19,"column":null}},"6":{"start":{"line":22,"column":25},"end":{"line":25,"column":null}},"7":{"start":{"line":23,"column":8},"end":{"line":23,"column":null}},"8":{"start":{"line":24,"column":8},"end":{"line":24,"column":null}},"9":{"start":{"line":27,"column":4},"end":{"line":53,"column":null}}},"fnMap":{"0":{"name":"PaymentForm","decl":{"start":{"line":10,"column":24},"end":{"line":10,"column":36}},"loc":{"start":{"line":10,"column":71},"end":{"line":57,"column":null}},"line":10},"1":{"name":"(anonymous_1)","decl":{"start":{"line":13,"column":29},"end":{"line":13,"column":30}},"loc":{"start":{"line":13,"column":30},"end":{"line":15,"column":null}},"line":13},"2":{"name":"(anonymous_2)","decl":{"start":{"line":17,"column":29},"end":{"line":17,"column":30}},"loc":{"start":{"line":17,"column":30},"end":{"line":20,"column":null}},"line":17},"3":{"name":"(anonymous_3)","decl":{"start":{"line":22,"column":25},"end":{"line":22,"column":26}},"loc":{"start":{"line":22,"column":26},"end":{"line":25,"column":null}},"line":22}},"branchMap":{"0":{"loc":{"start":{"line":50,"column":26},"end":{"line":50,"column":null}},"type":"binary-expr","locations":[{"start":{"line":50,"column":26},"end":{"line":50,"column":37}},{"start":{"line":50,"column":37},"end":{"line":50,"column":null}}],"line":50},"1":{"loc":{"start":{"line":53,"column":17},"end":{"line":53,"column":null}},"type":"cond-expr","locations":[{"start":{"line":53,"column":27},"end":{"line":53,"column":45}},{"start":{"line":53,"column":45},"end":{"line":53,"column":null}}],"line":53}},"s":{"0":0,"1":0,"2":0,"3":0,"4":0,"5":0,"6":0,"7":0,"8":0,"9":0},"f":{"0":0,"1":0,"2":0,"3":0},"b":{"0":[0,0],"1":[0,0]},"meta":{"lastBranch":2,"lastFunction":4,"lastStatement":10,"seen":{"f:10:24:10:36":0,"s:11:37:11:Infinity":0,"s:13:29:15:Infinity":1,"f:13:29:13:30":1,"s:14:8:14:Infinity":2,"s:17:29:20:Infinity":3,"f:17:29:17:30":2,"s:18:20:18:Infinity":4,"s:19:8:19:Infinity":5,"s:22:25:25:Infinity":6,"f:22:25:22:26":3,"s:23:8:23:Infinity":7,"s:24:8:24:Infinity":8,"s:27:4:53:Infinity":9,"b:50:26:50:37:50:37:50:Infinity":0,"b:53:27:53:45:53:45:53:Infinity":1}}}
,"C:\\Users\\nicol\\OneDrive\\Documents\\M2\\Méthodologies et environnements de développement\\Séance 2\\teaching-shop-example\\frontend\\src\\checkout\\ProductPreview.tsx": {"path":"C:\\Users\\nicol\\OneDrive\\Documents\\M2\\Méthodologies et environnements de développement\\Séance 2\\teaching-shop-example\\frontend\\src\\checkout\\ProductPreview.tsx","statementMap":{"0":{"start":{"line":14,"column":4},"end":{"line":20,"column":null}}},"fnMap":{"0":{"name":"ProductPreview","decl":{"start":{"line":13,"column":24},"end":{"line":13,"column":39}},"loc":{"start":{"line":13,"column":57},"end":{"line":24,"column":null}},"line":13}},"branchMap":{},"s":{"0":0},"f":{"0":0},"b":{},"meta":{"lastBranch":0,"lastFunction":1,"lastStatement":1,"seen":{"f:13:24:13:39":0,"s:14:4:20:Infinity":0}}}
,"C:\\Users\\nicol\\OneDrive\\Documents\\M2\\Méthodologies et environnements de développement\\Séance 2\\teaching-shop-example\\frontend\\src\\checkout\\page.tsx": {"path":"C:\\Users\\nicol\\OneDrive\\Documents\\M2\\Méthodologies et environnements de développement\\Séance 2\\teaching-shop-example\\frontend\\src\\checkout\\page.tsx","statementMap":{"0":{"start":{"line":12,"column":23},"end":{"line":12,"column":null}},"1":{"start":{"line":13,"column":10},"end":{"line":13,"column":null}},"2":{"start":{"line":14,"column":19},"end":{"line":14,"column":null}},"3":{"start":{"line":15,"column":22},"end":{"line":15,"column":null}},"4":{"start":{"line":16,"column":31},"end":{"line":16,"column":null}},"5":{"start":{"line":18,"column":20},"end":{"line":18,"column":null}},"6":{"start":{"line":18,"column":41},"end":{"line":18,"column":null}},"7":{"start":{"line":20,"column":4},"end":{"line":26,"column":null}},"8":{"start":{"line":21,"column":8},"end":{"line":23,"column":null}},"9":{"start":{"line":28,"column":26},"end":{"line":42,"column":null}},"10":{"start":{"line":29,"column":8},"end":{"line":29,"column":null}},"11":{"start":{"line":29,"column":20},"end":{"line":29,"column":null}},"12":{"start":{"line":31,"column":8},"end":{"line":31,"column":null}},"13":{"start":{"line":33,"column":8},"end":{"line":41,"column":null}},"14":{"start":{"line":34,"column":26},"end":{"line":34,"column":null}},"15":{"start":{"line":35,"column":12},"end":{"line":35,"column":null}},"16":{"start":{"line":36,"column":12},"end":{"line":36,"column":null}},"17":{"start":{"line":38,"column":12},"end":{"line":38,"column":null}},"18":{"start":{"line":40,"column":12},"end":{"line":40,"column":null}},"19":{"start":{"line":44,"column":4},"end":{"line":48,"column":null}}},"fnMap":{"0":{"name":"CheckoutPage","decl":{"start":{"line":11,"column":24},"end":{"line":11,"column":null}},"loc":{"start":{"line":11,"column":24},"end":{"line":51,"column":null}},"line":11},"1":{"name":"(anonymous_1)","decl":{"start":{"line":18,"column":34},"end":{"line":18,"column":35}},"loc":{"start":{"line":18,"column":41},"end":{"line":18,"column":null}},"line":18},"2":{"name":"(anonymous_2)","decl":{"start":{"line":28,"column":26},"end":{"line":28,"column":33}},"loc":{"start":{"line":28,"column":33},"end":{"line":42,"column":null}},"line":28}},"branchMap":{"0":{"loc":{"start":{"line":20,"column":4},"end":{"line":26,"column":null}},"type":"if","locations":[{"start":{"line":20,"column":4},"end":{"line":26,"column":null}},{"start":{},"end":{}}],"line":20},"1":{"loc":{"start":{"line":29,"column":8},"end":{"line":29,"column":null}},"type":"if","locations":[{"start":{"line":29,"column":8},"end":{"line":29,"column":null}},{"start":{},"end":{}}],"line":29},"2":{"loc":{"start":{"line":38,"column":24},"end":{"line":38,"column":null}},"type":"cond-expr","locations":[{"start":{"line":38,"column":49},"end":{"line":38,"column":62}},{"start":{"line":38,"column":65},"end":{"line":38,"column":null}}],"line":38}},"s":{"0":0,"1":0,"2":0,"3":0,"4":0,"5":0,"6":0,"7":0,"8":0,"9":0,"10":0,"11":0,"12":0,"13":0,"14":0,"15":0,"16":0,"17":0,"18":0,"19":0},"f":{"0":0,"1":0,"2":0},"b":{"0":[0,0],"1":[0,0],"2":[0,0]},"meta":{"lastBranch":3,"lastFunction":3,"lastStatement":20,"seen":{"f:11:24:11:Infinity":0,"s:12:23:12:Infinity":0,"s:13:10:13:Infinity":1,"s:14:19:14:Infinity":2,"s:15:22:15:Infinity":3,"s:16:31:16:Infinity":4,"s:18:20:18:Infinity":5,"f:18:34:18:35":1,"s:18:41:18:Infinity":6,"b:20:4:26:Infinity:undefined:undefined:undefined:undefined":0,"s:20:4:26:Infinity":7,"s:21:8:23:Infinity":8,"s:28:26:42:Infinity":9,"f:28:26:28:33":2,"b:29:8:29:Infinity:undefined:undefined:undefined:undefined":1,"s:29:8:29:Infinity":10,"s:29:20:29:Infinity":11,"s:31:8:31:Infinity":12,"s:33:8:41:Infinity":13,"s:34:26:34:Infinity":14,"s:35:12:35:Infinity":15,"s:36:12:36:Infinity":16,"s:38:12:38:Infinity":17,"b:38:49:38:62:38:65:38:Infinity":2,"s:40:12:40:Infinity":18,"s:44:4:48:Infinity":19}}}
,"C:\\Users\\nicol\\OneDrive\\Documents\\M2\\Méthodologies et environnements de développement\\Séance 2\\teaching-shop-example\\frontend\\src\\components\\EmptyState.tsx": {"path":"C:\\Users\\nicol\\OneDrive\\Documents\\M2\\Méthodologies et environnements de développement\\Séance 2\\teaching-shop-example\\frontend\\src\\components\\EmptyState.tsx","statementMap":{"0":{"start":{"line":10,"column":4},"end":{"line":15,"column":null}}},"fnMap":{"0":{"name":"EmptyState","decl":{"start":{"line":9,"column":24},"end":{"line":9,"column":35}},"loc":{"start":{"line":9,"column":71},"end":{"line":20,"column":null}},"line":9}},"branchMap":{"0":{"loc":{"start":{"line":13,"column":13},"end":{"line":15,"column":null}},"type":"binary-expr","locations":[{"start":{"line":13,"column":13},"end":{"line":13,"column":24}},{"start":{"line":13,"column":24},"end":{"line":13,"column":null}},{"start":{"line":13,"column":24},"end":{"line":15,"column":null}}],"line":13}},"s":{"0":0},"f":{"0":0},"b":{"0":[0,0,0]},"meta":{"lastBranch":1,"lastFunction":1,"lastStatement":1,"seen":{"f:9:24:9:35":0,"s:10:4:15:Infinity":0,"b:13:13:13:24:13:24:13:Infinity:13:24:15:Infinity":0}}}
,"C:\\Users\\nicol\\OneDrive\\Documents\\M2\\Méthodologies et environnements de développement\\Séance 2\\teaching-shop-example\\frontend\\src\\components\\LoadingSpinner.tsx": {"path":"C:\\Users\\nicol\\OneDrive\\Documents\\M2\\Méthodologies et environnements de développement\\Séance 2\\teaching-shop-example\\frontend\\src\\components\\LoadingSpinner.tsx","statementMap":{"0":{"start":{"line":6,"column":20},"end":{"line":10,"column":null}},"1":{"start":{"line":13,"column":10},"end":{"line":13,"column":null}},"2":{"start":{"line":15,"column":4},"end":{"line":17,"column":null}},"3":{"start":{"line":16,"column":8},"end":{"line":16,"column":null}},"4":{"start":{"line":19,"column":4},"end":{"line":19,"column":null}}},"fnMap":{"0":{"name":"LoadingSpinner","decl":{"start":{"line":12,"column":24},"end":{"line":12,"column":39}},"loc":{"start":{"line":12,"column":80},"end":{"line":20,"column":null}},"line":12}},"branchMap":{"0":{"loc":{"start":{"line":12,"column":41},"end":{"line":12,"column":52}},"type":"default-arg","locations":[{"start":{"line":12,"column":48},"end":{"line":12,"column":52}}],"line":12},"1":{"loc":{"start":{"line":12,"column":54},"end":{"line":12,"column":71}},"type":"default-arg","locations":[{"start":{"line":12,"column":67},"end":{"line":12,"column":71}}],"line":12},"2":{"loc":{"start":{"line":15,"column":4},"end":{"line":17,"column":null}},"type":"if","locations":[{"start":{"line":15,"column":4},"end":{"line":17,"column":null}},{"start":{},"end":{}}],"line":15}},"s":{"0":1,"1":5,"2":5,"3":5,"4":0},"f":{"0":5},"b":{"0":[5],"1":[5],"2":[5,0]},"meta":{"lastBranch":3,"lastFunction":1,"lastStatement":5,"seen":{"s:6:20:10:Infinity":0,"f:12:24:12:39":0,"b:12:48:12:52":0,"b:12:67:12:71":1,"s:13:10:13:Infinity":1,"b:15:4:17:Infinity:undefined:undefined:undefined:undefined":2,"s:15:4:17:Infinity":2,"s:16:8:16:Infinity":3,"s:19:4:19:Infinity":4}}}
,"C:\\Users\\nicol\\OneDrive\\Documents\\M2\\Méthodologies et environnements de développement\\Séance 2\\teaching-shop-example\\frontend\\src\\components\\PageContainer.tsx": {"path":"C:\\Users\\nicol\\OneDrive\\Documents\\M2\\Méthodologies et environnements de développement\\Séance 2\\teaching-shop-example\\frontend\\src\\components\\PageContainer.tsx","statementMap":{"0":{"start":{"line":8,"column":24},"end":{"line":16,"column":null}},"1":{"start":{"line":19,"column":4},"end":{"line":21,"column":null}}},"fnMap":{"0":{"name":"PageContainer","decl":{"start":{"line":18,"column":24},"end":{"line":18,"column":38}},"loc":{"start":{"line":18,"column":75},"end":{"line":24,"column":null}},"line":18}},"branchMap":{"0":{"loc":{"start":{"line":18,"column":50},"end":{"line":18,"column":66}},"type":"default-arg","locations":[{"start":{"line":18,"column":61},"end":{"line":18,"column":66}}],"line":18}},"s":{"0":1,"1":0},"f":{"0":0},"b":{"0":[0]},"meta":{"lastBranch":1,"lastFunction":1,"lastStatement":2,"seen":{"s:8:24:16:Infinity":0,"f:18:24:18:38":0,"b:18:61:18:66":0,"s:19:4:21:Infinity":1}}}
,"C:\\Users\\nicol\\OneDrive\\Documents\\M2\\Méthodologies et environnements de développement\\Séance 2\\teaching-shop-example\\frontend\\src\\components\\StatusBadge.tsx": {"path":"C:\\Users\\nicol\\OneDrive\\Documents\\M2\\Méthodologies et environnements de développement\\Séance 2\\teaching-shop-example\\frontend\\src\\components\\StatusBadge.tsx","statementMap":{"0":{"start":{"line":5,"column":21},"end":{"line":9,"column":null}},"1":{"start":{"line":12,"column":18},"end":{"line":12,"column":null}},"2":{"start":{"line":14,"column":4},"end":{"line":14,"column":null}}},"fnMap":{"0":{"name":"StatusBadge","decl":{"start":{"line":11,"column":24},"end":{"line":11,"column":36}},"loc":{"start":{"line":11,"column":53},"end":{"line":15,"column":null}},"line":11}},"branchMap":{},"s":{"0":1,"1":0,"2":0},"f":{"0":0},"b":{},"meta":{"lastBranch":0,"lastFunction":1,"lastStatement":3,"seen":{"s:5:21:9:Infinity":0,"f:11:24:11:36":0,"s:12:18:12:Infinity":1,"s:14:4:14:Infinity":2}}}
,"C:\\Users\\nicol\\OneDrive\\Documents\\M2\\Méthodologies et environnements de développement\\Séance 2\\teaching-shop-example\\frontend\\src\\components\\index.ts": {"path":"C:\\Users\\nicol\\OneDrive\\Documents\\M2\\Méthodologies et environnements de développement\\Séance 2\\teaching-shop-example\\frontend\\src\\components\\index.ts","statementMap":{},"fnMap":{},"branchMap":{},"s":{},"f":{},"b":{},"meta":{"lastBranch":0,"lastFunction":0,"lastStatement":0,"seen":{}}}
,"C:\\Users\\nicol\\OneDrive\\Documents\\M2\\Méthodologies et environnements de développement\\Séance 2\\teaching-shop-example\\frontend\\src\\contexts\\AuthContext.tsx": {"path":"C:\\Users\\nicol\\OneDrive\\Documents\\M2\\Méthodologies et environnements de développement\\Séance 2\\teaching-shop-example\\frontend\\src\\contexts\\AuthContext.tsx","statementMap":{"0":{"start":{"line":20,"column":6},"end":{"line":20,"column":null}},"1":{"start":{"line":23,"column":25},"end":{"line":23,"column":null}},"2":{"start":{"line":24,"column":27},"end":{"line":24,"column":null}},"3":{"start":{"line":25,"column":35},"end":{"line":25,"column":null}},"4":{"start":{"line":27,"column":4},"end":{"line":49,"column":null}},"5":{"start":{"line":28,"column":30},"end":{"line":46,"column":null}},"6":{"start":{"line":29,"column":32},"end":{"line":29,"column":null}},"7":{"start":{"line":30,"column":12},"end":{"line":33,"column":null}},"8":{"start":{"line":31,"column":16},"end":{"line":31,"column":null}},"9":{"start":{"line":32,"column":16},"end":{"line":32,"column":null}},"10":{"start":{"line":35,"column":12},"end":{"line":45,"column":null}},"11":{"start":{"line":36,"column":29},"end":{"line":36,"column":null}},"12":{"start":{"line":37,"column":16},"end":{"line":37,"column":null}},"13":{"start":{"line":38,"column":16},"end":{"line":38,"column":null}},"14":{"start":{"line":39,"column":16},"end":{"line":39,"column":null}},"15":{"start":{"line":41,"column":16},"end":{"line":41,"column":null}},"16":{"start":{"line":42,"column":16},"end":{"line":42,"column":null}},"17":{"start":{"line":44,"column":16},"end":{"line":44,"column":null}},"18":{"start":{"line":48,"column":8},"end":{"line":48,"column":null}},"19":{"start":{"line":51,"column":18},"end":{"line":56,"column":null}},"20":{"start":{"line":52,"column":8},"end":{"line":52,"column":null}},"21":{"start":{"line":53,"column":8},"end":{"line":53,"column":null}},"22":{"start":{"line":54,"column":8},"end":{"line":54,"column":null}},"23":{"start":{"line":55,"column":8},"end":{"line":55,"column":null}},"24":{"start":{"line":58,"column":19},"end":{"line":63,"column":null}},"25":{"start":{"line":59,"column":8},"end":{"line":59,"column":null}},"26":{"start":{"line":60,"column":8},"end":{"line":60,"column":null}},"27":{"start":{"line":61,"column":8},"end":{"line":61,"column":null}},"28":{"start":{"line":62,"column":8},"end":{"line":62,"column":null}},"29":{"start":{"line":65,"column":4},"end":{"line":76,"column":null}},"30":{"start":{"line":83,"column":10},"end":{"line":83,"column":null}},"31":{"start":{"line":84,"column":4},"end":{"line":86,"column":null}},"32":{"start":{"line":85,"column":8},"end":{"line":85,"column":null}},"33":{"start":{"line":87,"column":4},"end":{"line":87,"column":null}}},"fnMap":{"0":{"name":"AuthContextProvider","decl":{"start":{"line":22,"column":16},"end":{"line":22,"column":36}},"loc":{"start":{"line":22,"column":73},"end":{"line":79,"column":null}},"line":22},"1":{"name":"(anonymous_1)","decl":{"start":{"line":27,"column":14},"end":{"line":27,"column":null}},"loc":{"start":{"line":27,"column":14},"end":{"line":49,"column":7}},"line":27},"2":{"name":"(anonymous_2)","decl":{"start":{"line":28,"column":30},"end":{"line":28,"column":null}},"loc":{"start":{"line":28,"column":30},"end":{"line":46,"column":null}},"line":28},"3":{"name":"(anonymous_3)","decl":{"start":{"line":51,"column":18},"end":{"line":51,"column":19}},"loc":{"start":{"line":51,"column":37},"end":{"line":56,"column":null}},"line":51},"4":{"name":"(anonymous_4)","decl":{"start":{"line":58,"column":19},"end":{"line":58,"column":null}},"loc":{"start":{"line":58,"column":19},"end":{"line":63,"column":null}},"line":58},"5":{"name":"useAuth","decl":{"start":{"line":82,"column":16},"end":{"line":82,"column":null}},"loc":{"start":{"line":82,"column":16},"end":{"line":88,"column":null}},"line":82}},"branchMap":{"0":{"loc":{"start":{"line":30,"column":12},"end":{"line":33,"column":null}},"type":"if","locations":[{"start":{"line":30,"column":12},"end":{"line":33,"column":null}},{"start":{},"end":{}}],"line":30},"1":{"loc":{"start":{"line":84,"column":4},"end":{"line":86,"column":null}},"type":"if","locations":[{"start":{"line":84,"column":4},"end":{"line":86,"column":null}},{"start":{},"end":{}}],"line":84}},"s":{"0":3,"1":27,"2":27,"3":27,"4":27,"5":13,"6":13,"7":13,"8":8,"9":8,"10":5,"11":5,"12":1,"13":1,"14":1,"15":1,"16":1,"17":2,"18":13,"19":27,"20":3,"21":3,"22":3,"23":3,"24":27,"25":1,"26":1,"27":1,"28":1,"29":27,"30":67,"31":67,"32":0,"33":67},"f":{"0":27,"1":13,"2":13,"3":3,"4":1,"5":67},"b":{"0":[8,5],"1":[0,67]},"meta":{"lastBranch":2,"lastFunction":6,"lastStatement":34,"seen":{"s:20:6:20:Infinity":0,"f:22:16:22:36":0,"s:23:25:23:Infinity":1,"s:24:27:24:Infinity":2,"s:25:35:25:Infinity":3,"s:27:4:49:Infinity":4,"f:27:14:27:Infinity":1,"s:28:30:46:Infinity":5,"f:28:30:28:Infinity":2,"s:29:32:29:Infinity":6,"b:30:12:33:Infinity:undefined:undefined:undefined:undefined":0,"s:30:12:33:Infinity":7,"s:31:16:31:Infinity":8,"s:32:16:32:Infinity":9,"s:35:12:45:Infinity":10,"s:36:29:36:Infinity":11,"s:37:16:37:Infinity":12,"s:38:16:38:Infinity":13,"s:39:16:39:Infinity":14,"s:41:16:41:Infinity":15,"s:42:16:42:Infinity":16,"s:44:16:44:Infinity":17,"s:48:8:48:Infinity":18,"s:51:18:56:Infinity":19,"f:51:18:51:19":3,"s:52:8:52:Infinity":20,"s:53:8:53:Infinity":21,"s:54:8:54:Infinity":22,"s:55:8:55:Infinity":23,"s:58:19:63:Infinity":24,"f:58:19:58:Infinity":4,"s:59:8:59:Infinity":25,"s:60:8:60:Infinity":26,"s:61:8:61:Infinity":27,"s:62:8:62:Infinity":28,"s:65:4:76:Infinity":29,"f:82:16:82:Infinity":5,"s:83:10:83:Infinity":30,"b:84:4:86:Infinity:undefined:undefined:undefined:undefined":1,"s:84:4:86:Infinity":31,"s:85:8:85:Infinity":32,"s:87:4:87:Infinity":33}}}
,"C:\\Users\\nicol\\OneDrive\\Documents\\M2\\Méthodologies et environnements de développement\\Séance 2\\teaching-shop-example\\frontend\\src\\contexts\\ProductsContext.tsx": {"path":"C:\\Users\\nicol\\OneDrive\\Documents\\M2\\Méthodologies et environnements de développement\\Séance 2\\teaching-shop-example\\frontend\\src\\contexts\\ProductsContext.tsx","statementMap":{"0":{"start":{"line":7,"column":6},"end":{"line":7,"column":null}},"1":{"start":{"line":10,"column":33},"end":{"line":10,"column":null}},"2":{"start":{"line":11,"column":31},"end":{"line":11,"column":null}},"3":{"start":{"line":13,"column":4},"end":{"line":24,"column":null}},"4":{"start":{"line":14,"column":8},"end":{"line":23,"column":null}},"5":{"start":{"line":16,"column":16},"end":{"line":16,"column":null}},"6":{"start":{"line":19,"column":16},"end":{"line":19,"column":null}},"7":{"start":{"line":22,"column":16},"end":{"line":22,"column":null}},"8":{"start":{"line":26,"column":4},"end":{"line":26,"column":null}},"9":{"start":{"line":31,"column":10},"end":{"line":31,"column":null}},"10":{"start":{"line":32,"column":4},"end":{"line":34,"column":null}},"11":{"start":{"line":33,"column":8},"end":{"line":33,"column":null}},"12":{"start":{"line":35,"column":4},"end":{"line":35,"column":null}}},"fnMap":{"0":{"name":"ProductsContextProvider","decl":{"start":{"line":9,"column":16},"end":{"line":9,"column":40}},"loc":{"start":{"line":9,"column":71},"end":{"line":27,"column":null}},"line":9},"1":{"name":"(anonymous_1)","decl":{"start":{"line":13,"column":14},"end":{"line":13,"column":null}},"loc":{"start":{"line":13,"column":14},"end":{"line":24,"column":7}},"line":13},"2":{"name":"(anonymous_2)","decl":{"start":{"line":15,"column":18},"end":{"line":15,"column":19}},"loc":{"start":{"line":15,"column":19},"end":{"line":17,"column":null}},"line":15},"3":{"name":"(anonymous_3)","decl":{"start":{"line":18,"column":19},"end":{"line":18,"column":null}},"loc":{"start":{"line":18,"column":19},"end":{"line":20,"column":null}},"line":18},"4":{"name":"(anonymous_4)","decl":{"start":{"line":21,"column":21},"end":{"line":21,"column":null}},"loc":{"start":{"line":21,"column":21},"end":{"line":23,"column":null}},"line":21},"5":{"name":"useProducts","decl":{"start":{"line":30,"column":16},"end":{"line":30,"column":null}},"loc":{"start":{"line":30,"column":16},"end":{"line":36,"column":null}},"line":30}},"branchMap":{"0":{"loc":{"start":{"line":32,"column":4},"end":{"line":34,"column":null}},"type":"if","locations":[{"start":{"line":32,"column":4},"end":{"line":34,"column":null}},{"start":{},"end":{}}],"line":32}},"s":{"0":1,"1":4,"2":4,"3":4,"4":4,"5":0,"6":0,"7":0,"8":4,"9":0,"10":0,"11":0,"12":0},"f":{"0":4,"1":4,"2":0,"3":0,"4":0,"5":0},"b":{"0":[0,0]},"meta":{"lastBranch":1,"lastFunction":6,"lastStatement":13,"seen":{"s:7:6:7:Infinity":0,"f:9:16:9:40":0,"s:10:33:10:Infinity":1,"s:11:31:11:Infinity":2,"s:13:4:24:Infinity":3,"f:13:14:13:Infinity":1,"s:14:8:23:Infinity":4,"f:15:18:15:19":2,"s:16:16:16:Infinity":5,"f:18:19:18:Infinity":3,"s:19:16:19:Infinity":6,"f:21:21:21:Infinity":4,"s:22:16:22:Infinity":7,"s:26:4:26:Infinity":8,"f:30:16:30:Infinity":5,"s:31:10:31:Infinity":9,"b:32:4:34:Infinity:undefined:undefined:undefined:undefined":0,"s:32:4:34:Infinity":10,"s:33:8:33:Infinity":11,"s:35:4:35:Infinity":12}}}
,"C:\\Users\\nicol\\OneDrive\\Documents\\M2\\Méthodologies et environnements de développement\\Séance 2\\teaching-shop-example\\frontend\\src\\layouts\\AdminLayout.tsx": {"path":"C:\\Users\\nicol\\OneDrive\\Documents\\M2\\Méthodologies et environnements de développement\\Séance 2\\teaching-shop-example\\frontend\\src\\layouts\\AdminLayout.tsx","statementMap":{"0":{"start":{"line":7,"column":35},"end":{"line":7,"column":null}},"1":{"start":{"line":8,"column":10},"end":{"line":8,"column":null}},"2":{"start":{"line":10,"column":4},"end":{"line":19,"column":null}},"3":{"start":{"line":11,"column":8},"end":{"line":14,"column":null}},"4":{"start":{"line":12,"column":12},"end":{"line":12,"column":null}},"5":{"start":{"line":13,"column":12},"end":{"line":13,"column":null}},"6":{"start":{"line":16,"column":8},"end":{"line":18,"column":null}},"7":{"start":{"line":17,"column":12},"end":{"line":17,"column":null}},"8":{"start":{"line":21,"column":4},"end":{"line":23,"column":null}},"9":{"start":{"line":22,"column":8},"end":{"line":22,"column":null}},"10":{"start":{"line":25,"column":4},"end":{"line":25,"column":null}}},"fnMap":{"0":{"name":"AdminLayout","decl":{"start":{"line":6,"column":24},"end":{"line":6,"column":null}},"loc":{"start":{"line":6,"column":24},"end":{"line":26,"column":null}},"line":6},"1":{"name":"(anonymous_1)","decl":{"start":{"line":10,"column":14},"end":{"line":10,"column":null}},"loc":{"start":{"line":10,"column":14},"end":{"line":19,"column":7}},"line":10}},"branchMap":{"0":{"loc":{"start":{"line":11,"column":8},"end":{"line":14,"column":null}},"type":"if","locations":[{"start":{"line":11,"column":8},"end":{"line":14,"column":null}},{"start":{},"end":{}}],"line":11},"1":{"loc":{"start":{"line":16,"column":8},"end":{"line":18,"column":null}},"type":"if","locations":[{"start":{"line":16,"column":8},"end":{"line":18,"column":null}},{"start":{},"end":{}}],"line":16},"2":{"loc":{"start":{"line":21,"column":4},"end":{"line":23,"column":null}},"type":"if","locations":[{"start":{"line":21,"column":4},"end":{"line":23,"column":null}},{"start":{},"end":{}}],"line":21},"3":{"loc":{"start":{"line":21,"column":8},"end":{"line":21,"column":45}},"type":"binary-expr","locations":[{"start":{"line":21,"column":8},"end":{"line":21,"column":28}},{"start":{"line":21,"column":28},"end":{"line":21,"column":45}}],"line":21}},"s":{"0":0,"1":0,"2":0,"3":0,"4":0,"5":0,"6":0,"7":0,"8":0,"9":0,"10":0},"f":{"0":0,"1":0},"b":{"0":[0,0],"1":[0,0],"2":[0,0],"3":[0,0]},"meta":{"lastBranch":4,"lastFunction":2,"lastStatement":11,"seen":{"f:6:24:6:Infinity":0,"s:7:35:7:Infinity":0,"s:8:10:8:Infinity":1,"s:10:4:19:Infinity":2,"f:10:14:10:Infinity":1,"b:11:8:14:Infinity:undefined:undefined:undefined:undefined":0,"s:11:8:14:Infinity":3,"s:12:12:12:Infinity":4,"s:13:12:13:Infinity":5,"b:16:8:18:Infinity:undefined:undefined:undefined:undefined":1,"s:16:8:18:Infinity":6,"s:17:12:17:Infinity":7,"b:21:4:23:Infinity:undefined:undefined:undefined:undefined":2,"s:21:4:23:Infinity":8,"b:21:8:21:28:21:28:21:45":3,"s:22:8:22:Infinity":9,"s:25:4:25:Infinity":10}}}
,"C:\\Users\\nicol\\OneDrive\\Documents\\M2\\Méthodologies et environnements de développement\\Séance 2\\teaching-shop-example\\frontend\\src\\layouts\\Header.tsx": {"path":"C:\\Users\\nicol\\OneDrive\\Documents\\M2\\Méthodologies et environnements de développement\\Séance 2\\teaching-shop-example\\frontend\\src\\layouts\\Header.tsx","statementMap":{"0":{"start":{"line":5,"column":43},"end":{"line":5,"column":null}},"1":{"start":{"line":7,"column":4},"end":{"line":36,"column":null}}},"fnMap":{"0":{"name":"Header","decl":{"start":{"line":4,"column":24},"end":{"line":4,"column":null}},"loc":{"start":{"line":4,"column":24},"end":{"line":46,"column":null}},"line":4}},"branchMap":{"0":{"loc":{"start":{"line":16,"column":25},"end":{"line":36,"column":null}},"type":"cond-expr","locations":[{"start":{"line":16,"column":25},"end":{"line":32,"column":null}},{"start":{"line":32,"column":28},"end":{"line":36,"column":null}}],"line":16},"1":{"loc":{"start":{"line":22,"column":33},"end":{"line":23,"column":null}},"type":"binary-expr","locations":[{"start":{"line":22,"column":33},"end":{"line":22,"column":null}},{"start":{"line":22,"column":39},"end":{"line":23,"column":null}}],"line":22}},"s":{"0":0,"1":0},"f":{"0":0},"b":{"0":[0,0],"1":[0,0]},"meta":{"lastBranch":2,"lastFunction":1,"lastStatement":2,"seen":{"f:4:24:4:Infinity":0,"s:5:43:5:Infinity":0,"s:7:4:36:Infinity":1,"b:16:25:32:Infinity:32:28:36:Infinity":0,"b:22:33:22:Infinity:22:39:23:Infinity":1}}}
,"C:\\Users\\nicol\\OneDrive\\Documents\\M2\\Méthodologies et environnements de développement\\Séance 2\\teaching-shop-example\\frontend\\src\\layouts\\ProtectedLayout.tsx": {"path":"C:\\Users\\nicol\\OneDrive\\Documents\\M2\\Méthodologies et environnements de développement\\Séance 2\\teaching-shop-example\\frontend\\src\\layouts\\ProtectedLayout.tsx","statementMap":{"0":{"start":{"line":7,"column":29},"end":{"line":7,"column":null}},"1":{"start":{"line":8,"column":10},"end":{"line":8,"column":null}},"2":{"start":{"line":10,"column":4},"end":{"line":14,"column":null}},"3":{"start":{"line":11,"column":8},"end":{"line":13,"column":null}},"4":{"start":{"line":12,"column":12},"end":{"line":12,"column":null}},"5":{"start":{"line":16,"column":4},"end":{"line":18,"column":null}},"6":{"start":{"line":17,"column":8},"end":{"line":17,"column":null}},"7":{"start":{"line":20,"column":4},"end":{"line":20,"column":null}}},"fnMap":{"0":{"name":"ProtectedLayout","decl":{"start":{"line":6,"column":24},"end":{"line":6,"column":null}},"loc":{"start":{"line":6,"column":24},"end":{"line":21,"column":null}},"line":6},"1":{"name":"(anonymous_1)","decl":{"start":{"line":10,"column":14},"end":{"line":10,"column":null}},"loc":{"start":{"line":10,"column":14},"end":{"line":14,"column":7}},"line":10}},"branchMap":{"0":{"loc":{"start":{"line":11,"column":8},"end":{"line":13,"column":null}},"type":"if","locations":[{"start":{"line":11,"column":8},"end":{"line":13,"column":null}},{"start":{},"end":{}}],"line":11},"1":{"loc":{"start":{"line":16,"column":4},"end":{"line":18,"column":null}},"type":"if","locations":[{"start":{"line":16,"column":4},"end":{"line":18,"column":null}},{"start":{},"end":{}}],"line":16}},"s":{"0":5,"1":5,"2":5,"3":4,"4":4,"5":5,"6":5,"7":0},"f":{"0":5,"1":4},"b":{"0":[4,0],"1":[5,0]},"meta":{"lastBranch":2,"lastFunction":2,"lastStatement":8,"seen":{"f:6:24:6:Infinity":0,"s:7:29:7:Infinity":0,"s:8:10:8:Infinity":1,"s:10:4:14:Infinity":2,"f:10:14:10:Infinity":1,"b:11:8:13:Infinity:undefined:undefined:undefined:undefined":0,"s:11:8:13:Infinity":3,"s:12:12:12:Infinity":4,"b:16:4:18:Infinity:undefined:undefined:undefined:undefined":1,"s:16:4:18:Infinity":5,"s:17:8:17:Infinity":6,"s:20:4:20:Infinity":7}}}
,"C:\\Users\\nicol\\OneDrive\\Documents\\M2\\Méthodologies et environnements de développement\\Séance 2\\teaching-shop-example\\frontend\\src\\layouts\\index.ts": {"path":"C:\\Users\\nicol\\OneDrive\\Documents\\M2\\Méthodologies et environnements de développement\\Séance 2\\teaching-shop-example\\frontend\\src\\layouts\\index.ts","statementMap":{},"fnMap":{},"branchMap":{},"s":{},"f":{},"b":{},"meta":{"lastBranch":0,"lastFunction":0,"lastStatement":0,"seen":{}}}
}
